Der Buildvorgang wurde am 12.01.2015 18:47:11 gestartet.
     1>Projekt "C:\Users\Christian\Source\Repos\cg\examples\SolarSystem\gloostmath\gloostmath.vcxproj" auf Knoten "2", Build Ziel(e).
     1>ClCompile:
         C:\Program Files (x86)\Microsoft Visual Studio 11.0\VC\bin\CL.exe /c /IC:\Users\Christian\Source\Repos\cg\examples\SolarSystem\../../contrib/gloostmath/src /IC:\Users\Christian\Source\Repos\cg\examples\SolarSystem\../../include /Zi /nologo /W0 /WX- /O2 /Oi /Oy- /GL /D WIN32 /D NDEBUG /D _LIB /D _UNICODE /D UNICODE /Gm- /EHsc /MD /GS /Gy /fp:precise /Zc:wchar_t /Zc:forScope /Fo"Release\\" /Fd"Release\vc110.pdb" /Gd /TP /analyze- /errorReport:prompt ..\..\..\contrib\gloostmath\src\Material.cpp ..\..\..\contrib\gloostmath\src\Mesh.cpp ..\..\..\contrib\gloostmath\src\MeshLoader.cpp ..\..\..\contrib\gloostmath\src\ObjLoader.cpp ..\..\..\contrib\gloostmath\src\ObjMatFile.cpp ..\..\..\contrib\gloostmath\src\glErrorUtil.cpp
         Material.cpp
         Mesh.cpp
         MeshLoader.cpp
         ObjLoader.cpp
         ObjMatFile.cpp
         glErrorUtil.cpp
       Lib:
         C:\Program Files (x86)\Microsoft Visual Studio 11.0\VC\bin\Lib.exe /OUT:"C:\Users\Christian\Source\Repos\cg\examples\SolarSystem\../../lib/Release/gloostmath.lib" /NOLOGO /LTCG Release\BitMask.obj
         Release\BoundingBox.obj
         Release\BoundingVolume.obj
         Release\Dcs.obj
         Release\Frustum.obj
         Release\glErrorUtil.obj
         Release\Material.obj
         Release\Matrix.obj
         Release\MatrixStack.obj
         Release\Mesh.obj
         Release\MeshLoader.obj
         Release\ObjLoader.obj
         Release\ObjMatFile.obj
         Release\Plane.obj
         Release\Point3.obj
         Release\Quaternion.obj
         Release\Ray.obj
         Release\SharedResource.obj
         Release\UniformTypes.obj
         Release\Vector2.obj
         Release\Vector3.obj
         gloostmath.vcxproj -> C:\Users\Christian\Source\Repos\cg\examples\SolarSystem\../../lib/Release/gloostmath.lib
     1>Die Erstellung des Projekts "C:\Users\Christian\Source\Repos\cg\examples\SolarSystem\gloostmath\gloostmath.vcxproj" ist abgeschlossen, Build Ziel(e).

Build erfolgreich.

Verstrichene Zeit 00:00:04.29
